[  2] Utilization = 0.15 | pJ/Compute =   20.098 | L5[WIO] M32 C6 - L4[IO] M2 P13 C64 Q13X - L3[] Q1 S3Y - L2[I] Q1 - L1[W] R3 - L0[O] M6 
[  1] Utilization = 0.05 | pJ/Compute =   16.956 | L5[WIO] Q13 M4 C192 - L4[IO] M4 P13 M4X - L3[] Q1 S3Y - L2[I] Q1 - L1[W] R3 C2 - L0[O] M6 
[  6] Utilization = 0.07 | pJ/Compute =   22.641 | L5[WIO] Q13 M48 C64 - L4[IO] P13 - L3[] Q1 M2Y C3Y S3Y - L2[I] Q1 - L1[W] R3 C2 - L0[O] M4 
[  4] Utilization = 0.31 | pJ/Compute =   20.099 | L5[WIO] M32 C6 - L4[IO] M2 P13 C8 Q13X - L3[] Q1 C2Y S3Y - L2[I] Q1 - L1[W] R3 C4 - L0[O] M6 
[  7] Utilization = 0.15 | pJ/Compute =   20.098 | L5[WIO] M32 C6 - L4[IO] M2 P13 C32 Q13X - L3[] Q1 S3Y - L2[I] Q1 - L1[W] R3 C2 - L0[O] M6 
[  5] Utilization = 0.38 | pJ/Compute =   20.101 | L5[WIO] M32 C6 - L4[IO] M2 P13 C8 Q13X - L3[] Q1 C4Y S3Y - L2[I] Q1 - L1[W] R3 C2 - L0[O] M6 
[  0] Utilization = 0.05 | pJ/Compute =  142.819 | L5[WIO] Q13 M48 C6 - L4[IO] P13 C32 - L3[] Q1 M2Y C2Y S3Y - L2[I] Q1 - L1[W] R3 - L0[O] M4 
[  6] Utilization = 0.07 | pJ/Compute =   18.869 | L5[WIO] Q13 M24 C64 - L4[IO] P13 M2X - L3[] Q1 C3Y S3Y - L2[I] Q1 - L1[W] R3 C2 - L0[O] M8 
[  3] Utilization = 0.25 | pJ/Compute =  144.710 | L5[WIO] Q13 M48 C8 - L4[IO] M2 P13 C2 M4X - L3[] Q1 C6Y S3Y - L2[I] Q1 - L1[W] R3 C4 - L0[O] Q1 
[  4] Utilization = 0.38 | pJ/Compute =  134.728 | L5[WIO] Q13 M3 C2 - L4[IO] P13 C48 M8X - L3[] Q1 M2Y C2Y S3Y - L2[I] Q1 - L1[W] R3 C2 - L0[O] M8 
[  0] Utilization = 0.62 | pJ/Compute =   17.909 | L5[WIO] M8 C32 - L4[IO] M4 P13 C6 Q13X - L3[] Q1 M4Y S3Y - L2[I] Q1 - L1[W] R3 C2 - L0[O] M3 
[  2] Utilization = 0.62 | pJ/Compute =   17.909 | L5[WIO] M8 C32 - L4[IO] M4 P13 C12 Q13X - L3[] Q1 M4Y S3Y - L2[I] Q1 - L1[W] R3 - L0[O] M3 
[  6] Utilization = 0.57 | pJ/Compute =  136.923 | L5[WIO] Q13 M8 C96 - L4[IO] M2 P13 C2 M8X - L3[] Q1 M3Y C2Y S3Y - L2[I] Q1 - L1[W] R3 - L0[O] Q1 
[  1] Utilization = 0.57 | pJ/Compute =   17.592 | L5[WIO] Q13 M12 C128 - L4[IO] P13 M8X - L3[] Q1 M2Y C3Y S3Y - L2[I] Q1 - L1[W] R3 - L0[O] M2 
[  5] Utilization = 0.38 | pJ/Compute =  138.417 | L5[WIO] Q13 M16 C6 - L4[IO] M3 P13 C8 M8X - L3[] Q1 C4Y S3Y - L2[I] Q1 - L1[W] R3 C2 - L0[O] Q1 
[  6] Utilization = 0.93 | pJ/Compute =   16.648 | L5[WIO] M4 C16 - L4[IO] M2 P13 C4 Q13X - L3[] Q1 M3Y C2Y S3Y - L2[I] Q1 - L1[W] R3 C3 - L0[O] M16 
[  1] Utilization = 0.62 | pJ/Compute =   17.015 | L5[WIO] M3 C48 - L4[IO] M4 P13 C4 Q13X - L3[] Q1 M4Y S3Y - L2[I] Q1 - L1[W] R3 C2 - L0[O] M8 
[  3] Utilization = 0.75 | pJ/Compute =  135.690 | L5[WIO] Q13 C4 - L4[IO] M32 P13 C4 M12X - L3[] Q1 C6Y S3Y - L2[I] Q1 - L1[W] R3 C4 - L0[O] Q1 
[  7] Utilization = 0.29 | pJ/Compute =  136.902 | L5[WIO] Q13 M8 C96 - L4[IO] M2 P13 C4 M8X - L3[] Q1 M3Y S3Y - L2[I] Q1 - L1[W] R3 - L0[O] Q1 
[  4] Utilization = 0.57 | pJ/Compute =  134.867 | L5[WIO] Q13 M2 C4 - L4[IO] M4 P13 C48 M8X - L3[] Q1 M3Y C2Y S3Y - L2[I] Q1 - L1[W] R3 - L0[O] M2 
[  5] Utilization = 0.43 | pJ/Compute =   20.372 | L5[WIO] Q13 M32 C32 - L4[IO] M2 P13 M6X - L3[] Q1 C6Y S3Y - L2[I] Q1 - L1[W] R3 C2 - L0[O] Q1 
[  2] Utilization = 0.93 | pJ/Compute =   16.648 | L5[WIO] M4 C16 - L4[IO] M2 P13 C3 Q13X - L3[] Q1 M3Y C2Y S3Y - L2[I] Q1 - L1[W] R3 C4 - L0[O] M16 
[  7] Utilization = 0.57 | pJ/Compute =   16.531 | L5[WIO] Q13 M8 C64 - L4[IO] M2 P13 M8X - L3[] Q1 C6Y S3Y - L2[I] Q1 - L1[W] R3 - L0[O] M3 
[  5] Utilization = 0.62 | pJ/Compute =    6.660 | L5[WIO] M8 C64 - L4[IO] M2 P13 Q13X - L3[] Q1 M2Y C2Y S3Y - L2[I] Q1 - L1[W] R3 C3 - L0[O] M12 
[  1] Utilization = 0.86 | pJ/Compute =  134.412 | L5[WIO] Q13 C4 - L4[IO] M2 P13 C8 M12X - L3[] Q1 C6Y S3Y - L2[I] Q1 - L1[W] R3 C2 - L0[O] M16 
[  0] Utilization = 0.62 | pJ/Compute =   17.068 | L5[WIO] M8 C6 - L4[IO] M2 P13 C32 Q13X - L3[] Q1 M2Y C2Y S3Y - L2[I] Q1 - L1[W] R3 - L0[O] M12 
[  7] Utilization = 0.86 | pJ/Compute =  137.137 | L5[WIO] Q13 M16 C2 - L4[IO] P13 C8 M12X - L3[] Q1 C6Y S3Y - L2[I] Q1 - L1[W] R3 C4 - L0[O] M2 
[  3] Utilization = 0.86 | pJ/Compute =   15.463 | L5[WIO] Q13 M4 C32 - L4[IO] P13 M12X - L3[] Q1 M2Y C3Y S3Y - L2[I] Q1 - L1[W] R3 C4 - L0[O] M4 
[  6] Utilization = 0.93 | pJ/Compute =    6.673 | L5[WIO] M8 C64 - L4[IO] M2 P13 Q13X - L3[] Q1 M2Y C3Y S3Y - L2[I] Q1 - L1[W] R3 C2 - L0[O] M12 
[  7] Utilization = 0.86 | pJ/Compute =  134.536 | L5[WIO] Q13 M2 C2 - L4[IO] P13 C8 M12X - L3[] Q1 C6Y S3Y - L2[I] Q1 - L1[W] R3 C4 - L0[O] M16 
[  4] Utilization = 0.57 | pJ/Compute =  134.443 | L5[WIO] Q13 C12 - L4[IO] P13 C8 M12X - L3[] Q1 M2Y C2Y S3Y - L2[I] Q1 - L1[W] R3 C2 - L0[O] M16 
[  7] Utilization = 0.93 | pJ/Compute =   17.114 | L5[WIO] M2 C16 - L4[IO] M12 P13 C2 Q13X - L3[] Q1 C6Y S3Y - L2[I] Q1 - L1[W] R3 C2 - L0[O] M16 
[  4] Utilization = 0.62 | pJ/Compute =   17.585 | L5[WIO] M12 C8 - L4[IO] M2 P13 C6 Q13X - L3[] Q1 C4Y S3Y - L2[I] Q1 - L1[W] R3 C2 - L0[O] M16 
[  0] Utilization = 0.93 | pJ/Compute =   17.588 | L5[WIO] M12 C8 - L4[IO] M2 P13 C4 Q13X - L3[] Q1 C6Y S3Y - L2[I] Q1 - L1[W] R3 C2 - L0[O] M16 
[  1] Utilization = 0.86 | pJ/Compute =   15.828 | L5[WIO] Q13 C128 - L4[IO] P13 M12X - L3[] Q1 M2Y C3Y S3Y - L2[I] Q1 - L1[W] R3 - L0[O] M16 
[  4] Utilization = 0.93 | pJ/Compute =   16.799 | L5[WIO] M2 C64 - L4[IO] M2 P13 C6 Q13X - L3[] Q1 M6Y S3Y - L2[I] Q1 - L1[W] R3 - L0[O] M16 
[  0] Utilization = 0.93 | pJ/Compute =   16.799 | L5[WIO] M2 C64 - L4[IO] M2 P13 C2 Q13X - L3[] Q1 M6Y S3Y - L2[I] Q1 - L1[W] R3 C3 - L0[O] M16 
[  5] Utilization = 0.93 | pJ/Compute =   16.902 | L5[WIO] M6 C16 - L4[IO] M2 P13 C2 Q13X - L3[] Q1 M2Y C3Y S3Y - L2[I] Q1 - L1[W] R3 C4 - L0[O] M16 
[  5] Utilization = 0.93 | pJ/Compute =    7.332 | L5[WIO] M16 C64 - L4[IO] M2 P13 Q13X - L3[] Q1 M3Y C2Y S3Y - L2[I] Q1 - L1[W] R3 C3 - L0[O] M4 
[  7] Utilization = 0.93 | pJ/Compute =   16.886 | L5[WIO] M4 C6 - L4[IO] M4 P13 C32 Q13X - L3[] Q1 M6Y S3Y - L2[I] Q1 - L1[W] R3 C2 - L0[O] M4 
Interrupt caught. Mapper threads will terminate after completing any ongoing evaluations.
[  4] STATEMENT: global termination flag activated, terminating search.
[  3] STATEMENT: global termination flag activated, terminating search.
[  6] STATEMENT: global termination flag activated, terminating search.
[  0] STATEMENT: global termination flag activated, terminating search.
[  2] STATEMENT: global termination flag activated, terminating search.
[  1] STATEMENT: global termination flag activated, terminating search.
[  5] STATEMENT: global termination flag activated, terminating search.
[  7] STATEMENT: global termination flag activated, terminating search.
