[  2] Utilization = 0.38 | pJ/Compute =  134.469 | L5[WIO] Q13 C3 - L4[IO] P13 C64 M8X - L3[] Q1 M4Y S3Y - L2[I] Q1 - L1[W] R3 C2 - L0[O] M8 
[  0] Utilization = 0.05 | pJ/Compute =  141.366 | L5[WIO] Q13 M2 - L4[IO] M64 P13 C192 - L3[] Q1 M2Y C2Y S3Y - L2[I] Q1 - L1[W] R3 - L0[O] Q1 
[  1] Utilization = 0.10 | pJ/Compute =  134.860 | L5[WIO] Q13 C2 - L4[IO] M8 P13 C96 M4X - L3[] Q1 M2Y S3Y - L2[I] Q1 - L1[W] R3 C2 - L0[O] M4 
[  4] Utilization = 0.02 | pJ/Compute =  139.321 | L5[WIO] Q13 M8 C2 - L4[IO] M8 P13 C32 - L3[] Q1 C2Y S3Y - L2[I] Q1 - L1[W] R3 C3 - L0[O] M4 
[  6] Utilization = 0.07 | pJ/Compute =  139.322 | L5[WIO] Q13 M8 C2 - L4[IO] M8 P13 C32 - L3[] Q1 C6Y S3Y - L2[I] Q1 - L1[W] R3 - L0[O] M4 
[  3] Utilization = 0.02 | pJ/Compute =  141.674 | L5[WIO] Q13 M2 C12 - L4[IO] M64 P13 C8 - L3[] Q1 M2Y S3Y - L2[I] Q1 - L1[W] R3 C4 - L0[O] Q1 
[  7] Utilization = 0.02 | pJ/Compute =  141.674 | L5[WIO] Q13 M2 C12 - L4[IO] M64 P13 C16 - L3[] Q1 M2Y S3Y - L2[I] Q1 - L1[W] R3 C2 - L0[O] Q1 
[  5] Utilization = 0.04 | pJ/Compute =  139.321 | L5[WIO] Q13 M8 C2 - L4[IO] M8 P13 C32 - L3[] Q1 C3Y S3Y - L2[I] Q1 - L1[W] R3 C2 - L0[O] M4 
[  3] Utilization = 0.04 | pJ/Compute =   31.201 | L5[WIO] Q13 M64 C32 - L4[IO] M2 P13 - L3[] Q1 C3Y S3Y - L2[I] Q1 - L1[W] R3 C4 - L0[O] M2 
[  0] Utilization = 0.05 | pJ/Compute =  139.321 | L5[WIO] Q13 M8 C2 - L4[IO] M8 P13 C12 - L3[] Q1 C4Y S3Y - L2[I] Q1 - L1[W] R3 C4 - L0[O] M4 
[  5] Utilization = 0.07 | pJ/Compute =   31.221 | L5[WIO] Q13 M64 C32 - L4[IO] M2 P13 - L3[] Q1 C6Y S3Y - L2[I] Q1 - L1[W] R3 C2 - L0[O] M2 
[  7] Utilization = 0.29 | pJ/Compute =  134.831 | L5[WIO] Q13 C2 - L4[IO] M8 P13 C8 M4X - L3[] Q1 C6Y S3Y - L2[I] Q1 - L1[W] R3 C4 - L0[O] M8 
[  4] Utilization = 0.05 | pJ/Compute =  141.676 | L5[WIO] Q13 M2 C12 - L4[IO] M64 P13 C8 - L3[] Q1 M2Y C2Y S3Y - L2[I] Q1 - L1[W] R3 C2 - L0[O] Q1 
[  6] Utilization = 0.38 | pJ/Compute =  137.237 | L5[WIO] Q13 M8 C96 - L4[IO] P13 C2 M8X - L3[] Q1 M2Y C2Y S3Y - L2[I] Q1 - L1[W] R3 - L0[O] M2 
[  3] Utilization = 0.38 | pJ/Compute =   17.287 | L5[WIO] Q13 M8 C96 - L4[IO] P13 M8X - L3[] Q1 M2Y C2Y S3Y - L2[I] Q1 - L1[W] R3 C2 - L0[O] M2 
[  5] Utilization = 0.50 | pJ/Compute =   18.097 | L5[WIO] M4 C6 - L4[IO] M8 P13 C8 Q13X - L3[] Q1 C4Y S3Y - L2[I] Q1 - L1[W] R3 C2 - L0[O] M8 
[  4] Utilization = 0.05 | pJ/Compute =   31.208 | L5[WIO] Q13 M64 C32 - L4[IO] M2 P13 - L3[] Q1 C4Y S3Y - L2[I] Q1 - L1[W] R3 C3 - L0[O] M2 
[  4] Utilization = 0.31 | pJ/Compute =   18.094 | L5[WIO] M4 C6 - L4[IO] M8 P13 C8 Q13X - L3[] Q1 C2Y S3Y - L2[I] Q1 - L1[W] R3 C4 - L0[O] M8 
[  0] Utilization = 0.38 | pJ/Compute =  136.440 | L5[WIO] Q13 M8 C4 - L4[IO] P13 C24 M8X - L3[] Q1 M2Y C2Y S3Y - L2[I] Q1 - L1[W] R3 C2 - L0[O] M2 
[  1] Utilization = 0.50 | pJ/Compute =  136.969 | L5[WIO] Q13 M4 C4 - L4[IO] M8 P13 C8 M8X - L3[] Q1 C6Y S3Y - L2[I] Q1 - L1[W] R3 C2 - L0[O] Q1 
[  7] Utilization = 0.38 | pJ/Compute =  136.968 | L5[WIO] Q13 M4 C4 - L4[IO] M8 P13 C12 M8X - L3[] Q1 C4Y S3Y - L2[I] Q1 - L1[W] R3 C2 - L0[O] Q1 
[  0] Utilization = 0.62 | pJ/Compute =   17.693 | L5[WIO] M8 C16 - L4[IO] M2 P13 C24 Q13X - L3[] Q1 M4Y S3Y - L2[I] Q1 - L1[W] R3 - L0[O] M4 
[  4] Utilization = 0.31 | pJ/Compute =    9.682 | L5[WIO] M8 C384 - L4[IO] M2 P13 Q13X - L3[] Q1 M2Y S3Y - L2[I] Q1 - L1[W] R3 - L0[O] M8 
[  2] Utilization = 0.47 | pJ/Compute =  143.248 | L5[WIO] Q13 M32 C32 - L4[IO] P13 C2 M8X - L3[] Q1 C6Y S3Y - L2[I] Q1 - L1[W] R3 - L0[O] Q1 
[  7] Utilization = 0.38 | pJ/Compute =  136.360 | L5[WIO] Q13 C8 - L4[IO] M32 P13 C4 M8X - L3[] Q1 C4Y S3Y - L2[I] Q1 - L1[W] R3 C3 - L0[O] Q1 
[  5] Utilization = 0.93 | pJ/Compute =   17.232 | L5[WIO] M8 C16 - L4[IO] P13 C8 Q13X - L3[] Q1 M2Y C3Y S3Y - L2[I] Q1 - L1[W] R3 - L0[O] M16 
[  2] Utilization = 0.62 | pJ/Compute =   17.229 | L5[WIO] M8 C16 - L4[IO] P13 C6 Q13X - L3[] Q1 M2Y C2Y S3Y - L2[I] Q1 - L1[W] R3 C2 - L0[O] M16 
[  7] Utilization = 0.50 | pJ/Compute =   20.420 | L5[WIO] M32 C4 - L4[IO] P13 C8 Q13X - L3[] Q1 M2Y C3Y S3Y - L2[I] Q1 - L1[W] R3 C4 - L0[O] M4 
[  7] Utilization = 0.62 | pJ/Compute =   17.229 | L5[WIO] M8 C16 - L4[IO] P13 C12 Q13X - L3[] Q1 M2Y C2Y S3Y - L2[I] Q1 - L1[W] R3 - L0[O] M16 
[  1] Utilization = 0.61 | pJ/Compute =   10.401 | L5[WIO] M32 C192 - L4[IO] P13 Q13X - L3[] Q1 M4Y S3Y - L2[I] Q1 - L1[W] R3 C2 - L0[O] M2 
[  4] Utilization = 0.38 | pJ/Compute =  135.546 | L5[WIO] Q13 C12 - L4[IO] M16 P13 C8 M8X - L3[] Q1 M2Y C2Y S3Y - L2[I] Q1 - L1[W] R3 C2 - L0[O] Q1 
[  4] Utilization = 0.38 | pJ/Compute =  135.130 | L5[WIO] Q13 M2 C8 - L4[IO] M4 P13 C6 M8X - L3[] Q1 C4Y S3Y - L2[I] Q1 - L1[W] R3 C2 - L0[O] M4 
[  4] Utilization = 0.58 | pJ/Compute =    7.530 | L5[WIO] M4 C48 - L4[IO] M16 P13 Q13X - L3[] Q1 C4Y S3Y - L2[I] Q1 - L1[W] R3 C2 - L0[O] M4 
[  1] Utilization = 0.75 | pJ/Compute =    7.415 | L5[WIO] M2 C128 - L4[IO] M16 P13 Q13X - L3[] Q1 M2Y C3Y S3Y - L2[I] Q1 - L1[W] R3 - L0[O] M4 
[  3] Utilization = 0.57 | pJ/Compute =  134.639 | L5[WIO] Q13 C4 - L4[IO] M4 P13 C4 M8X - L3[] Q1 C6Y S3Y - L2[I] Q1 - L1[W] R3 C4 - L0[O] M8 
[  6] Utilization = 0.57 | pJ/Compute =  134.854 | L5[WIO] Q13 M2 C4 - L4[IO] M2 P13 C16 M8X - L3[] Q1 C6Y S3Y - L2[I] Q1 - L1[W] R3 - L0[O] M8 
[  5] Utilization = 0.93 | pJ/Compute =   17.126 | L5[WIO] M8 C4 - L4[IO] P13 C16 Q13X - L3[] Q1 M2Y C3Y S3Y - L2[I] Q1 - L1[W] R3 C2 - L0[O] M16 
Interrupt caught. Mapper threads will terminate after completing any ongoing evaluations.
[  4] STATEMENT: global termination flag activated, terminating search.
[  6] STATEMENT: global termination flag activated, terminating search.
[  2] STATEMENT: global termination flag activated, terminating search.
[  5] STATEMENT: global termination flag activated, terminating search.
[  1] STATEMENT: global termination flag activated, terminating search.
[  7] STATEMENT: global termination flag activated, terminating search.
[  0] STATEMENT: global termination flag activated, terminating search.
[  3] STATEMENT: global termination flag activated, terminating search.
